05:46:29 PM: DEBUG [logger_base.py] Mensaje a nivel de Debug
05:46:29 PM: INFO [logger_base.py] Mensaje a nivel de info
05:46:29 PM: ERROR [logger_base.py] Mensaje a nivel de error
05:46:29 PM: WARNING [logger_base.py] Mensaje a nivel de warning
05:46:29 PM: CRITICAL [logger_base.py] Mensaje a nivel critico
06:03:20 PM: DEBUG [persona.py] 
        Id persona: 1,
        Nombre: Marcos,
        Apellido: Pereyra
        Email: mpereyra@mail.com

        
06:03:56 PM: DEBUG [persona.py] 
        Id persona: 1,
        Nombre: Marcos,
        Apellido: Pereyra
        Email: mpereyra@mail.com

        
06:11:23 PM: DEBUG [persona.py] 
        Id persona: 1,
        Nombre: Marcos,
        Apellido: Pereyra
        Email: mpereyra@mail.com

        
06:11:53 PM: DEBUG [persona.py] 
        Id persona: 1,
        Nombre: Marcos,
        Apellido: Pereyra
        Email: mpereyra@mail.com

        
06:11:53 PM: DEBUG [persona.py] 
        Id persona: None,
        Nombre: Juan,
        Apellido: Perez
        Email: jperez@mail.com

        
